2021-10-12 22:29:37,061--test_login.py-38---INFO:用例---【登录成功】---执行成功
2021-10-12 22:29:37,093--test_login.py-38---INFO:用例---【密码错误】---执行成功
2021-10-12 22:29:37,125--test_login.py-38---INFO:用例---【账号错误】---执行成功
2021-10-12 22:29:37,158--test_register.py-40---INFO:用例---【注册成功】---执行成功
2021-10-12 22:29:37,198--test_register.py-40---INFO:用例---【账号已被注册】---执行成功
2021-10-12 22:29:37,229--test_register.py-40---INFO:用例---【两次密码长度不一致】---执行成功
2021-10-12 22:29:37,262--test_register.py-40---INFO:用例---【密码长度少于6位】---执行成功
2021-10-12 22:29:37,297--test_register.py-31---ERROR:用例---【账号长度少于6位】---执行失败
2021-10-12 22:29:37,298--test_register.py-35---ERROR:{'code': 0, 'msg': '账号密码长度应在1111-18位之间'} != {'code': 0, 'msg': '账号密码长度应在6-18位之间'}
- {'code': 0, 'msg': '账号密码长度应在1111-18位之间'}
?                             ^^^^

+ {'code': 0, 'msg': '账号密码长度应在6-18位之间'}
?                             ^
Traceback (most recent call last):
  File "/Users/scan/Desktop/柠檬班/13/demo_07/testcase/test_register.py", line 26, in test_register
    self.assertEqual(expected, res)
  File "/Library/Frameworks/Python.framework/Versions/3.9/lib/python3.9/unittest/case.py", line 831, in assertEqual
    assertion_func(first, second, msg=msg)
  File "/Library/Frameworks/Python.framework/Versions/3.9/lib/python3.9/unittest/case.py", line 1130, in assertDictEqual
    self.fail(self._formatMessage(msg, standardMsg))
  File "/Library/Frameworks/Python.framework/Versions/3.9/lib/python3.9/unittest/case.py", line 670, in fail
    raise self.failureException(msg)
AssertionError: {'code': 0, 'msg': '账号密码长度应在1111-18位之间'} != {'code': 0, 'msg': '账号密码长度应在6-18位之间'}
- {'code': 0, 'msg': '账号密码长度应在1111-18位之间'}
?                             ^^^^

+ {'code': 0, 'msg': '账号密码长度应在6-18位之间'}
?                             ^

