打印debug级别的日志
打印info级别的日志
打印warning级别的日志
打印error级别的日志
打印critical级别的日志
打印debug级别的日志
打印info级别的日志
打印warning级别的日志
打印error级别的日志
打印critical级别的日志
打印debug级别的日志
打印info级别的日志
打印warning级别的日志
打印error级别的日志
打印critical级别的日志
打印debug级别的日志
打印info级别的日志
打印warning级别的日志
打印error级别的日志
打印critical级别的日志
2021-09-29 00:56:17,405--demo_06日志输出格式.py---打印debug级别的日志
2021-09-29 00:56:17,405--demo_06日志输出格式.py---打印info级别的日志
2021-09-29 00:56:17,405--demo_06日志输出格式.py---打印warning级别的日志
2021-09-29 00:56:17,405--demo_06日志输出格式.py---打印error级别的日志
2021-09-29 00:56:17,405--demo_06日志输出格式.py---打印critical级别的日志
2021-09-29 00:57:16,544----demo_06日志输出格式.py---DEBUG---打印debug级别的日志
2021-09-29 00:57:16,544----demo_06日志输出格式.py---INFO---打印info级别的日志
2021-09-29 00:57:16,545----demo_06日志输出格式.py---WARNING---打印warning级别的日志
2021-09-29 00:57:16,545----demo_06日志输出格式.py---ERROR---打印error级别的日志
2021-09-29 00:57:16,545----demo_06日志输出格式.py---CRITICAL---打印critical级别的日志
2021-09-29 00:57:48,044----demo_06日志输出格式.py---28---DEBUG---打印debug级别的日志
2021-09-29 00:57:48,044----demo_06日志输出格式.py---29---INFO---打印info级别的日志
2021-09-29 00:57:48,044----demo_06日志输出格式.py---30---WARNING---打印warning级别的日志
2021-09-29 00:57:48,044----demo_06日志输出格式.py---31---ERROR---打印error级别的日志
2021-09-29 00:57:48,044----demo_06日志输出格式.py---32---CRITICAL---打印critical级别的日志
2021-09-29 01:00:01,438--demo_06日志输出格式.py-28---DEBUG:打印debug级别的日志
2021-09-29 01:00:01,438--demo_06日志输出格式.py-29---INFO:打印info级别的日志
2021-09-29 01:00:01,438--demo_06日志输出格式.py-30---WARNING:打印warning级别的日志
2021-09-29 01:00:01,438--demo_06日志输出格式.py-31---ERROR:打印error级别的日志
2021-09-29 01:00:01,438--demo_06日志输出格式.py-32---CRITICAL:打印critical级别的日志
2021-09-29 01:00:48,544--demo_06日志输出格式.py-29---DEBUG:打印debug级别的日志
2021-09-29 01:00:48,544--demo_06日志输出格式.py-30---INFO:打印info级别的日志
2021-09-29 01:00:48,544--demo_06日志输出格式.py-31---WARNING:打印warning级别的日志
2021-09-29 01:00:48,544--demo_06日志输出格式.py-32---ERROR:打印error级别的日志
2021-09-29 01:00:48,544--demo_06日志输出格式.py-33---CRITICAL:打印critical级别的日志
